<?xml version="1.0" encoding="UTF-8"?>
<testng-results ignored="0" total="1" passed="1" failed="0" skipped="0">
  <reporter-output>
  </reporter-output>
  <suite started-at="2023-12-07T18:08:18 IST" name="Default suite" finished-at="2023-12-07T18:08:19 IST" duration-ms="822">
    <groups>
    </groups>
    <test started-at="2023-12-07T18:08:18 IST" name="Default test" finished-at="2023-12-07T18:08:19 IST" duration-ms="822">
      <class name="com.breakin.web.automation.testcases.TestData">
        <test-method signature="data()[pri:0, instance:com.breakin.web.automation.testcases.TestData@2a265ea9]" started-at="2023-12-07T18:08:18 IST" name="data" finished-at="2023-12-07T18:08:19 IST" duration-ms="778" status="PASS">
          <reporter-output>
          </reporter-output>
        </test-method> <!-- data -->
      </class> <!-- com.breakin.web.automation.testcases.TestData -->
    </test> <!-- Default test -->
  </suite> <!-- Default suite -->
</testng-results>
